<?xml version="1.0" encoding="UTF-8"?>
<testng-results skipped="0" failed="0" ignored="0" total="1" passed="1">
  <reporter-output>
  </reporter-output>
  <suite name="Yahoo App Test Automation Suite" duration-ms="9049" started-at="2020-05-12T08:37:48 IST" finished-at="2020-05-12T08:37:57 IST">
    <groups>
    </groups>
    <test name="Yahoo App Test" duration-ms="9049" started-at="2020-05-12T08:37:48 IST" finished-at="2020-05-12T08:37:57 IST">
      <class name="com.parameters.ParameterTest">
        <test-method status="PASS" signature="yahooLoginTest(java.lang.String, java.lang.String)[pri:0, instance:com.parameters.ParameterTest@167fdd33]" name="yahooLoginTest" duration-ms="9004" started-at="2020-05-12T08:37:48 IST" finished-at="2020-05-12T08:37:57 IST">
          <params>
            <param index="0">
              <value>
                <![CDATA[https://login.yahoo.com/]]>
              </value>
            </param>
            <param index="1">
              <value>
                <![CDATA[test@yahoo.com/]]>
              </value>
            </param>
          </params>
          <reporter-output>
          </reporter-output>
        </test-method> <!-- yahooLoginTest -->
      </class> <!-- com.parameters.ParameterTest -->
    </test> <!-- Yahoo App Test -->
  </suite> <!-- Yahoo App Test Automation Suite -->
</testng-results>
